{"contracts\\Voting.sol":{"l":{"37":87,"38":87,"43":28,"44":27,"48":13,"49":12,"50":11,"51":10,"52":9,"53":8,"54":7,"58":24,"59":23,"61":22,"63":44,"64":43,"65":43,"68":21,"69":21,"74":7,"75":7,"76":7,"81":7,"82":6,"83":6,"88":3,"89":3,"93":6,"94":4,"96":3,"98":3,"99":1,"101":2,"102":2,"103":2,"104":2,"108":3,"109":2,"111":1,"112":1,"116":2,"120":2,"124":4,"128":1,"132":1},"path":"C:\\Users\\Acer\\Desktop\\Crypton\\contracts\\Voting.sol","s":{"1":87,"2":87,"3":28,"4":13,"5":12,"6":11,"7":10,"8":9,"9":8,"10":24,"11":23,"12":22,"13":44,"14":43,"15":43,"16":21,"17":21,"18":7,"19":7,"20":6,"21":6,"22":3,"23":3,"24":6,"25":4,"26":3,"27":3,"28":1,"29":2,"30":2,"31":2,"32":2,"33":3,"34":2,"35":1,"36":1,"37":2,"38":2,"39":4,"40":1,"41":1},"b":{"1":[27,1],"2":[12,1],"3":[11,1],"4":[10,1],"5":[9,1],"6":[8,1],"7":[7,1],"8":[23,1],"9":[22,1],"10":[43,1],"11":[6,1],"12":[4,2],"13":[3,1],"14":[1,2],"15":[2,1],"16":[1,1]},"f":{"1":87,"2":28,"3":13,"4":24,"5":7,"6":3,"7":6,"8":3,"9":2,"10":2,"11":4,"12":1,"13":1},"fnMap":{"1":{"name":"constructor","line":36,"loc":{"start":{"line":36,"column":4},"end":{"line":39,"column":4}}},"2":{"name":"isOwner","line":42,"loc":{"start":{"line":42,"column":4},"end":{"line":45,"column":4}}},"3":{"name":"canVote","line":47,"loc":{"start":{"line":47,"column":4},"end":{"line":55,"column":4}}},"4":{"name":"addVoting","line":57,"loc":{"start":{"line":57,"column":4},"end":{"line":70,"column":4}}},"5":{"name":"vote","line":72,"loc":{"start":{"line":72,"column":4},"end":{"line":85,"column":4}}},"6":{"name":"transfer","line":87,"loc":{"start":{"line":87,"column":4},"end":{"line":90,"column":4}}},"7":{"name":"finishVoting","line":92,"loc":{"start":{"line":92,"column":4},"end":{"line":105,"column":4}}},"8":{"name":"withdraw","line":107,"loc":{"start":{"line":107,"column":4},"end":{"line":113,"column":4}}},"9":{"name":"getCandidates","line":115,"loc":{"start":{"line":115,"column":4},"end":{"line":117,"column":4}}},"10":{"name":"getVotes","line":119,"loc":{"start":{"line":119,"column":4},"end":{"line":121,"column":4}}},"11":{"name":"getWinner","line":123,"loc":{"start":{"line":123,"column":4},"end":{"line":125,"column":4}}},"12":{"name":"getBalance","line":127,"loc":{"start":{"line":127,"column":4},"end":{"line":129,"column":4}}},"13":{"name":"getTimeLeft","line":131,"loc":{"start":{"line":131,"column":4},"end":{"line":133,"column":4}}}},"statementMap":{"1":{"start":{"line":37,"column":8},"end":{"line":37,"column":25}},"2":{"start":{"line":38,"column":8},"end":{"line":38,"column":39}},"3":{"start":{"line":43,"column":8},"end":{"line":43,"column":60}},"4":{"start":{"line":48,"column":8},"end":{"line":48,"column":55}},"5":{"start":{"line":49,"column":8},"end":{"line":49,"column":77}},"6":{"start":{"line":50,"column":8},"end":{"line":50,"column":71}},"7":{"start":{"line":51,"column":8},"end":{"line":51,"column":77}},"8":{"start":{"line":52,"column":8},"end":{"line":52,"column":65}},"9":{"start":{"line":53,"column":8},"end":{"line":53,"column":86}},"10":{"start":{"line":58,"column":8},"end":{"line":58,"column":61}},"11":{"start":{"line":59,"column":8},"end":{"line":59,"column":76}},"12":{"start":{"line":61,"column":8},"end":{"line":61,"column":1981}},"13":{"start":{"line":63,"column":12},"end":{"line":63,"column":111}},"14":{"start":{"line":64,"column":12},"end":{"line":64,"column":61}},"15":{"start":{"line":65,"column":12},"end":{"line":65,"column":56}},"16":{"start":{"line":68,"column":8},"end":{"line":68,"column":34}},"17":{"start":{"line":69,"column":8},"end":{"line":69,"column":63}},"18":{"start":{"line":75,"column":8},"end":{"line":75,"column":49}},"19":{"start":{"line":81,"column":8},"end":{"line":81,"column":2849}},"20":{"start":{"line":82,"column":12},"end":{"line":82,"column":72}},"21":{"start":{"line":83,"column":12},"end":{"line":83,"column":41}},"22":{"start":{"line":88,"column":8},"end":{"line":88,"column":36}},"23":{"start":{"line":89,"column":8},"end":{"line":89,"column":34}},"24":{"start":{"line":93,"column":8},"end":{"line":93,"column":57}},"25":{"start":{"line":94,"column":8},"end":{"line":94,"column":84}},"26":{"start":{"line":96,"column":8},"end":{"line":96,"column":35}},"27":{"start":{"line":98,"column":8},"end":{"line":98,"column":3503}},"28":{"start":{"line":99,"column":12},"end":{"line":99,"column":18}},"29":{"start":{"line":101,"column":8},"end":{"line":101,"column":79}},"30":{"start":{"line":102,"column":8},"end":{"line":102,"column":54}},"31":{"start":{"line":103,"column":8},"end":{"line":103,"column":42}},"32":{"start":{"line":104,"column":8},"end":{"line":104,"column":71}},"33":{"start":{"line":108,"column":8},"end":{"line":108,"column":70}},"34":{"start":{"line":109,"column":8},"end":{"line":109,"column":56}},"35":{"start":{"line":111,"column":8},"end":{"line":111,"column":30}},"36":{"start":{"line":112,"column":8},"end":{"line":112,"column":28}},"37":{"start":{"line":116,"column":8},"end":{"line":116,"column":39}},"38":{"start":{"line":120,"column":8},"end":{"line":120,"column":54}},"39":{"start":{"line":124,"column":8},"end":{"line":124,"column":32}},"40":{"start":{"line":128,"column":8},"end":{"line":128,"column":36}},"41":{"start":{"line":132,"column":8},"end":{"line":132,"column":59}}},"branchMap":{"1":{"line":43,"type":"if","locations":[{"start":{"line":43,"column":8},"end":{"line":43,"column":8}},{"start":{"line":43,"column":8},"end":{"line":43,"column":8}}]},"2":{"line":48,"type":"if","locations":[{"start":{"line":48,"column":8},"end":{"line":48,"column":8}},{"start":{"line":48,"column":8},"end":{"line":48,"column":8}}]},"3":{"line":49,"type":"if","locations":[{"start":{"line":49,"column":8},"end":{"line":49,"column":8}},{"start":{"line":49,"column":8},"end":{"line":49,"column":8}}]},"4":{"line":50,"type":"if","locations":[{"start":{"line":50,"column":8},"end":{"line":50,"column":8}},{"start":{"line":50,"column":8},"end":{"line":50,"column":8}}]},"5":{"line":51,"type":"if","locations":[{"start":{"line":51,"column":8},"end":{"line":51,"column":8}},{"start":{"line":51,"column":8},"end":{"line":51,"column":8}}]},"6":{"line":52,"type":"if","locations":[{"start":{"line":52,"column":8},"end":{"line":52,"column":8}},{"start":{"line":52,"column":8},"end":{"line":52,"column":8}}]},"7":{"line":53,"type":"if","locations":[{"start":{"line":53,"column":8},"end":{"line":53,"column":8}},{"start":{"line":53,"column":8},"end":{"line":53,"column":8}}]},"8":{"line":58,"type":"if","locations":[{"start":{"line":58,"column":8},"end":{"line":58,"column":8}},{"start":{"line":58,"column":8},"end":{"line":58,"column":8}}]},"9":{"line":59,"type":"if","locations":[{"start":{"line":59,"column":8},"end":{"line":59,"column":8}},{"start":{"line":59,"column":8},"end":{"line":59,"column":8}}]},"10":{"line":63,"type":"if","locations":[{"start":{"line":63,"column":12},"end":{"line":63,"column":12}},{"start":{"line":63,"column":12},"end":{"line":63,"column":12}}]},"11":{"line":81,"type":"if","locations":[{"start":{"line":81,"column":8},"end":{"line":81,"column":8}},{"start":{"line":81,"column":8},"end":{"line":81,"column":8}}]},"12":{"line":93,"type":"if","locations":[{"start":{"line":93,"column":8},"end":{"line":93,"column":8}},{"start":{"line":93,"column":8},"end":{"line":93,"column":8}}]},"13":{"line":94,"type":"if","locations":[{"start":{"line":94,"column":8},"end":{"line":94,"column":8}},{"start":{"line":94,"column":8},"end":{"line":94,"column":8}}]},"14":{"line":98,"type":"if","locations":[{"start":{"line":98,"column":8},"end":{"line":98,"column":8}},{"start":{"line":98,"column":8},"end":{"line":98,"column":8}}]},"15":{"line":108,"type":"if","locations":[{"start":{"line":108,"column":8},"end":{"line":108,"column":8}},{"start":{"line":108,"column":8},"end":{"line":108,"column":8}}]},"16":{"line":109,"type":"if","locations":[{"start":{"line":109,"column":8},"end":{"line":109,"column":8}},{"start":{"line":109,"column":8},"end":{"line":109,"column":8}}]}}}}